#
# A fatal error has been detected by the Java Runtime Environment:
#
#  EXCEPTION_ACCESS_VIOLATION (0xc0000005) at pc=0x00007ffc65549493, pid=19792, tid=20456
#
# JRE version: OpenJDK Runtime Environment Temurin-18.0.1+10 (18.0.1+10) (build 18.0.1+10)
# Java VM: OpenJDK 64-Bit Server VM Temurin-18.0.1+10 (18.0.1+10, mixed mode, tiered, compressed oops, compressed class ptrs, g1 gc, windows-amd64)
# Problematic frame:
# V  [jvm.dll+0x359493]
#
# No core dump will be written. Minidumps are not enabled by default on client versions of Windows
#
# If you would like to submit a bug report, please visit:
#   https://github.com/adoptium/adoptium-support/issues
#

---------------  S U M M A R Y ------------

Command Line: -XX:+ShowCodeDetailsInExceptionMessages -agentlib:jdwp=transport=dt_socket,suspend=y,address=localhost:52300 -javaagent:C:\Users\Kenneth\eclipse\java-2022-03\eclipse\configuration\org.eclipse.osgi\225\0\.cp\lib\javaagent-shaded.jar -Dfile.encoding=UTF-8 CollidingSpriteMain

Host: Intel(R) Core(TM) i7-8750H CPU @ 2.20GHz, 12 cores, 15G,  Windows 11 , 64 bit Build 22000 (10.0.22000.1219)
Time: Tue Nov 15 22:08:56 2022 Mountain Standard Time elapsed time: 464.305911 seconds (0d 0h 7m 44s)

---------------  T H R E A D  ---------------

Current thread (0x000001919c7b5a70):  VMThread "VM Thread" [stack: 0x0000002979300000,0x0000002979400000] [id=20456]

Stack: [0x0000002979300000,0x0000002979400000],  sp=0x00000029793ff290,  free space=1020k
Native frames: (J=compiled Java code, j=interpreted, Vv=VM code, C=native code)
V  [jvm.dll+0x359493]
V  [jvm.dll+0x35d282]
V  [jvm.dll+0x35d69f]
V  [jvm.dll+0x359883]
V  [jvm.dll+0x68b4ba]
V  [jvm.dll+0x68b1d3]
V  [jvm.dll+0x6505e8]
V  [jvm.dll+0x84299a]
V  [jvm.dll+0x54b246]
V  [jvm.dll+0x8523bb]
V  [jvm.dll+0x853154]
V  [jvm.dll+0x85368c]
V  [jvm.dll+0x853ae4]
V  [jvm.dll+0x853ba7]
V  [jvm.dll+0x7f814a]
V  [jvm.dll+0x69bba5]
C  [ucrtbase.dll+0x26c0c]
C  [KERNEL32.DLL+0x15550]
C  [ntdll.dll+0x485b]


siginfo: EXCEPTION_ACCESS_VIOLATION (0xc0000005), reading address 0xffffffffffffffff


Register to memory mapping:

RIP=0x00007ffc65549493 jvm.dll
RAX=0x00000191c844f290 points into unknown readable memory: 0x0040020001000001 | 01 00 00 01 00 02 40 00
RBX=0x00000029793ff460 points into unknown readable memory: 0x00007ffc65bb8700 | 00 87 bb 65 fc 7f 00 00
RCX=0x00000029793ff4d0 points into unknown readable memory: 0x00000191c844f290 | 90 f2 44 c8 91 01 00 00
RDX=0xffffffffffffcb63 is an unknown value
RSP=0x00000029793ff290 points into unknown readable memory: 0x00000000008102d0 | d0 02 81 00 00 00 00 00
RBP=0x00007ffc65549470 jvm.dll
RSI=0x0 is NULL
RDI=0x00000029793ff460 points into unknown readable memory: 0x00007ffc65bb8700 | 00 87 bb 65 fc 7f 00 00
R8 =0x03ffffffffffff2d is an unknown value
R9 =0x0000000000000023 is an unknown value
R10=0x00007ffc651f0000 jvm.dll
R11=0x00000191c844f290 points into unknown readable memory: 0x0040020001000001 | 01 00 00 01 00 02 40 00
R12=0x00007ffc65b26998 jvm.dll
R13=0x0000000000000001 is an unknown value
R14=0x000000000000013f is an unknown value
R15=0x00000191bc916c20 is pointing into metadata


Registers:
RAX=0x00000191c844f290, RBX=0x00000029793ff460, RCX=0x00000029793ff4d0, RDX=0xffffffffffffcb63
RSP=0x00000029793ff290, RBP=0x00007ffc65549470, RSI=0x0000000000000000, RDI=0x00000029793ff460
R8 =0x03ffffffffffff2d, R9 =0x0000000000000023, R10=0x00007ffc651f0000, R11=0x00000191c844f290
R12=0x00007ffc65b26998, R13=0x0000000000000001, R14=0x000000000000013f, R15=0x00000191bc916c20
RIP=0x00007ffc65549493, EFLAGS=0x0000000000010a07

Top of Stack: (sp=0x00000029793ff290)
0x00000029793ff290:   00000000008102d0 0000000000000050
0x00000029793ff2a0:   0000000000000000 00007ffc6555f404
0x00000029793ff2b0:   00000029793ff330 00007ffc6554d282
0x00000029793ff2c0:   00000029793ff330 00000191c844f250
0x00000029793ff2d0:   00000029793ff330 00007ffc6532d0ce
0x00000029793ff2e0:   00000191bc91d040 0000000000000040
0x00000029793ff2f0:   00000191bc916d8f 00000000000000a0
0x00000029793ff300:   00000000000000a0 00007ffc6554d69f
0x00000029793ff310:   00000029793ff460 00000029793ff360
0x00000029793ff320:   000000000000013f 00000029793ff360
0x00000029793ff330:   00000191bc91d040 000001919c7b5a70
0x00000029793ff340:   000001420000013f 000000a0000001e2
0x00000029793ff350:   000001e200000000 ffffffff000000a0
0x00000029793ff360:   00000191c8455f38 00007ffc65dd3580
0x00000029793ff370:   00007ffc65b26998 0000000000000000
0x00000029793ff380:   00000191c844f210 00007ffc65549883 

Instructions: (pc=0x00007ffc65549493)
0x00007ffc65549393:   4c 63 fa 48 8b f1 48 85 db 74 13 66 90 39 3b 0f
0x00007ffc655493a3:   84 a6 00 00 00 48 8b 5b 10 48 85 db 75 ef 33 d2
0x00007ffc655493b3:   8d 4a 18 e8 05 88 39 00 48 8b d8 48 85 c0 0f 84
0x00007ffc655493c3:   82 00 00 00 33 d2 4c 89 74 24 50 4c 8b 36 89 38
0x00007ffc655493d3:   8d 4a 18 e8 e5 87 39 00 48 8b f8 48 85 c0 74 55
0x00007ffc655493e3:   48 89 6c 24 48 ba 08 00 00 00 8b 2d 2d 6b 7d 00
0x00007ffc655493f3:   8b cd e8 e6 59 01 00 c7 07 00 00 00 00 89 6f 04
0x00007ffc65549403:   48 89 47 08 85 ed 7e 11 44 8b c5 33 d2 49 c1 e0
0x00007ffc65549413:   03 48 8b c8 e8 e6 d4 54 00 48 8b 6c 24 48 48 c7
0x00007ffc65549423:   47 10 00 00 00 00 4c 89 73 10 4c 8b 74 24 50 48
0x00007ffc65549433:   89 7b 08 eb 13 33 ff 4c 89 73 10 4c 8b 74 24 50
0x00007ffc65549443:   48 89 7b 08 eb 02 33 db 48 89 1e 48 8b 4b 08 48
0x00007ffc65549453:   8d 54 24 40 4c 89 7c 24 40 e8 ef 68 cb ff 48 8b
0x00007ffc65549463:   5c 24 58 48 83 c4 20 41 5f 5f 5e c3 cc 40 53 48
0x00007ffc65549473:   83 ec 20 48 63 d2 48 8b d9 0f b6 c2 48 83 c1 70
0x00007ffc65549483:   24 3f 4c 8b c2 44 0f b6 c8 49 c1 e8 06 48 8b 01
0x00007ffc65549493:   4e 8b 04 c0 4d 0f a3 c8 72 0b 41 b0 01 e8 ab 9d
0x00007ffc655494a3:   dd ff ff 43 6c 48 83 c4 20 5b c3 cc cc 8b c2 4c
0x00007ffc655494b3:   8b d1 41 33 c0 a9 00 00 00 f0 0f 84 ca 00 00 00
0x00007ffc655494c3:   44 8b ca 8b c2 41 c1 e9 1d b9 72 00 00 00 41 80
0x00007ffc655494d3:   e1 01 c1 e8 1e 44 8d 59 ae a8 01 74 1a 45 84 c9
0x00007ffc655494e3:   75 0d c1 ea 1c f6 c2 01 75 05 44 8b c9 eb 35 41
0x00007ffc655494f3:   b9 23 00 00 00 eb 2d 45 84 c9 74 08 41 b9 76 00
0x00007ffc65549503:   00 00 eb 20 8b c2 c1 e8 1c a8 01 74 08 41 b9 70
0x00007ffc65549513:   00 00 00 eb 0f c1 ea 1f 41 b9 40 00 00 00 84 d2
0x00007ffc65549523:   45 0f 45 cb 41 8b d0 41 8b c0 c1 ea 1d 80 e2 01
0x00007ffc65549533:   c1 e8 1e a8 01 74 15 84 d2 75 0a 41 c1 e8 1c 41
0x00007ffc65549543:   f6 c0 01 74 33 b9 23 00 00 00 eb 2c 84 d2 74 07
0x00007ffc65549553:   b9 76 00 00 00 eb 21 41 8b c0 c1 e8 1c a8 01 74
0x00007ffc65549563:   07 b9 70 00 00 00 eb 10 41 c1 e8 1f b9 40 00 00
0x00007ffc65549573:   00 45 84 c0 41 0f 45 cb 44 8b c1 48 8d 15 43 7f
0x00007ffc65549583:   62 00 49 8b ca e9 53 56 00 00 c3 cc cc 40 53 48 


Stack slot to memory mapping:
stack at sp + 0 slots: 0x00000000008102d0 is an unknown value
stack at sp + 1 slots: 0x0000000000000050 is an unknown value
stack at sp + 2 slots: 0x0 is NULL
stack at sp + 3 slots: 0x00007ffc6555f404 jvm.dll
stack at sp + 4 slots: 0x00000029793ff330 points into unknown readable memory: 0x00000191bc91d040 | 40 d0 91 bc 91 01 00 00
stack at sp + 5 slots: 0x00007ffc6554d282 jvm.dll
stack at sp + 6 slots: 0x00000029793ff330 points into unknown readable memory: 0x00000191bc91d040 | 40 d0 91 bc 91 01 00 00
stack at sp + 7 slots: 0x00000191c844f250 points into unknown readable memory: 0x0000000500000000 | 00 00 00 00 05 00 00 00

VM_Operation (0x0000002979eff500): get/set locals, mode: safepoint, requested by thread 0x00000191bfaa6cf0


---------------  P R O C E S S  ---------------

Threads class SMR info:
_java_thread_list=0x00000191c803df50, length=19, elements={
0x00000191bb6ad010, 0x00000191bb6ad9b0, 0x00000191bb6c9260, 0x00000191bb6c9b10,
0x00000191bf8229c0, 0x00000191bf823fb0, 0x00000191bf824c80, 0x00000191bf828480,
0x00000191bf846e30, 0x00000191bf8e4010, 0x00000191bfaa6cf0, 0x00000191bfaa9b90,
0x00000191bfbac6f0, 0x00000191c011b890, 0x00000191c02920f0, 0x00000191c0209660,
0x00000191c7cd0360, 0x00000191c7d8b470, 0x00000191c7d8aad0
}

Java Threads: ( => current thread )
  0x00000191bb6ad010 JavaThread "Reference Handler" daemon [_thread_blocked, id=8164, stack(0x0000002979400000,0x0000002979500000)]
  0x00000191bb6ad9b0 JavaThread "Finalizer" daemon [_thread_blocked, id=15988, stack(0x0000002979500000,0x0000002979600000)]
  0x00000191bb6c9260 JavaThread "Signal Dispatcher" daemon [_thread_blocked, id=17212, stack(0x0000002979600000,0x0000002979700000)]
  0x00000191bb6c9b10 JavaThread "Attach Listener" daemon [_thread_blocked, id=9752, stack(0x0000002979700000,0x0000002979800000)]
  0x00000191bf8229c0 JavaThread "Service Thread" daemon [_thread_blocked, id=19492, stack(0x0000002979800000,0x0000002979900000)]
  0x00000191bf823fb0 JavaThread "Monitor Deflation Thread" daemon [_thread_blocked, id=5656, stack(0x0000002979900000,0x0000002979a00000)]
  0x00000191bf824c80 JavaThread "C2 CompilerThread0" daemon [_thread_blocked, id=20120, stack(0x0000002979a00000,0x0000002979b00000)]
  0x00000191bf828480 JavaThread "C1 CompilerThread0" daemon [_thread_blocked, id=5856, stack(0x0000002979b00000,0x0000002979c00000)]
  0x00000191bf846e30 JavaThread "Sweeper thread" daemon [_thread_blocked, id=21324, stack(0x0000002979c00000,0x0000002979d00000)]
  0x00000191bf8e4010 JavaThread "Common-Cleaner" daemon [_thread_blocked, id=19520, stack(0x0000002979d00000,0x0000002979e00000)]
  0x00000191bfaa6cf0 JavaThread "JDWP Transport Listener: dt_socket" daemon [_thread_blocked, id=12408, stack(0x0000002979e00000,0x0000002979f00000)] _threads_hazard_ptr=0x00000191c803df50
  0x00000191bfaa9b90 JavaThread "JDWP Event Helper Thread" daemon [_thread_blocked, id=4056, stack(0x0000002979f00000,0x000000297a000000)]
  0x00000191bfbac6f0 JavaThread "JDWP Command Reader" daemon [_thread_in_native, id=17088, stack(0x000000297a000000,0x000000297a100000)]
  0x00000191c011b890 JavaThread "Notification Thread" daemon [_thread_blocked, id=22476, stack(0x000000297a100000,0x000000297a200000)]
  0x00000191c02920f0 JavaThread "Java2D Disposer" daemon [_thread_blocked, id=14552, stack(0x000000297a300000,0x000000297a400000)]
  0x00000191c0209660 JavaThread "AWT-Windows" daemon [_thread_in_native, id=17296, stack(0x000000297a500000,0x000000297a600000)]
  0x00000191c7cd0360 JavaThread "D3D Screen Updater" daemon [_thread_blocked, id=10220, stack(0x000000297ad00000,0x000000297ae00000)]
  0x00000191c7d8b470 JavaThread "Thread-0" [_thread_blocked, id=4732, stack(0x000000297ae00000,0x000000297af00000)]
  0x00000191c7d8aad0 JavaThread "DestroyJavaVM" [_thread_blocked, id=23424, stack(0x0000002978d00000,0x0000002978e00000)]

Other Threads:
=>0x000001919c7b5a70 VMThread "VM Thread" [stack: 0x0000002979300000,0x0000002979400000] [id=20456]
  0x000001919c72df10 WatcherThread "VM Periodic Task Thread" [stack: 0x000000297a200000,0x000000297a300000] [id=19468]
  0x000001919c798100 WorkerThread "GC Thread#0" [stack: 0x0000002978e00000,0x0000002978f00000] [id=18072]
  0x00000191c02d0070 WorkerThread "GC Thread#1" [stack: 0x000000297b210000,0x000000297b310000] [id=7920]
  0x00000191c02d0af0 WorkerThread "GC Thread#2" [stack: 0x000000297b310000,0x000000297b410000] [id=9264]
  0x00000191c02d1570 WorkerThread "GC Thread#3" [stack: 0x000000297b410000,0x000000297b510000] [id=20008]
  0x00000191c02d1810 WorkerThread "GC Thread#4" [stack: 0x000000297b510000,0x000000297b610000] [id=22268]
  0x00000191c7f4a4c0 WorkerThread "GC Thread#5" [stack: 0x000000297b610000,0x000000297b710000] [id=7440]
  0x00000191c7f4c440 WorkerThread "GC Thread#6" [stack: 0x000000297b710000,0x000000297b810000] [id=7420]
  0x00000191c7f4d940 WorkerThread "GC Thread#7" [stack: 0x000000297b810000,0x000000297b910000] [id=9796]
  0x00000191c7f4de80 WorkerThread "GC Thread#8" [stack: 0x000000297b910000,0x000000297ba10000] [id=13500]
  0x00000191c7f4c6e0 WorkerThread "GC Thread#9" [stack: 0x000000297ba10000,0x000000297bb10000] [id=20708]
  0x000001919c7a96c0 ConcurrentGCThread "G1 Main Marker" [stack: 0x0000002978f00000,0x0000002979000000] [id=22788]
  0x000001919c7aa0b0 WorkerThread "G1 Conc#0" [stack: 0x0000002979000000,0x0000002979100000] [id=20124]
  0x00000191bb4e5520 ConcurrentGCThread "G1 Refine#0" [stack: 0x0000002979100000,0x0000002979200000] [id=11668]
  0x00000191bb4e6bf0 ConcurrentGCThread "G1 Service" [stack: 0x0000002979200000,0x0000002979300000] [id=19864]

Threads with active compile tasks:

VM state: at safepoint (normal execution)

VM Mutex/Monitor currently owned by a thread:  ([mutex/lock_event])
[0x000001919c726af0] Threads_lock - owner thread: 0x000001919c7b5a70

Heap address: 0x0000000702600000, size: 4058 MB, Compressed Oops mode: Zero based, Oop shift amount: 3

CDS archive(s) not mapped
Compressed class space mapped at: 0x0000000800000000-0x0000000840000000, reserved size: 1073741824
Narrow klass base: 0x0000000800000000, Narrow klass shift: 0, Narrow klass range: 0x40000000

GC Precious Log:
 CardTable entry size: 512
 Card Set container configuration: InlinePtr #cards 4 size 8 Array Of Cards #cards 16 size 48 Howl #buckets 8 coarsen threshold 3686 Howl Bitmap #cards 512 size 80 coarsen threshold 460 Card regions per heap region 1 cards per card region 4096
 CPUs: 12 total, 12 available
 Memory: 16227M
 Large Page Support: Disabled
 NUMA Support: Disabled
 Compressed Oops: Enabled (Zero based)
 Heap Region Size: 2M
 Heap Min Capacity: 8M
 Heap Initial Capacity: 254M
 Heap Max Capacity: 4058M
 Pre-touch: Disabled
 Parallel Workers: 10
 Concurrent Workers: 3
 Concurrent Refinement Workers: 10
 Periodic GC: Disabled

Heap:
 garbage-first heap   total 260096K, used 20248K [0x0000000702600000, 0x0000000800000000)
  region size 2048K, 11 young (22528K), 2 survivors (4096K)
 Metaspace       used 19504K, committed 19776K, reserved 1114112K
  class space    used 1812K, committed 1920K, reserved 1048576K

Heap Regions: E=young(eden), S=young(survivor), O=old, HS=humongous(starts), HC=humongous(continues), CS=collection set, F=free, OA=open archive, CA=closed archive, TAMS=top-at-mark-start (previous, next)
|   0|0x0000000702600000, 0x0000000702600000, 0x0000000702800000|  0%| F|  |TAMS 0x0000000702600000, 0x0000000702600000| Untracked 
|   1|0x0000000702800000, 0x0000000702800000, 0x0000000702a00000|  0%| F|  |TAMS 0x0000000702800000, 0x0000000702800000| Untracked 
|   2|0x0000000702a00000, 0x0000000702a00000, 0x0000000702c00000|  0%| F|  |TAMS 0x0000000702a00000, 0x0000000702a00000| Untracked 
|   3|0x0000000702c00000, 0x0000000702c00000, 0x0000000702e00000|  0%| F|  |TAMS 0x0000000702c00000, 0x0000000702c00000| Untracked 
|   4|0x0000000702e00000, 0x0000000702e00000, 0x0000000703000000|  0%| F|  |TAMS 0x0000000702e00000, 0x0000000702e00000| Untracked 
|   5|0x0000000703000000, 0x0000000703000000, 0x0000000703200000|  0%| F|  |TAMS 0x0000000703000000, 0x0000000703000000| Untracked 
|   6|0x0000000703200000, 0x0000000703200000, 0x0000000703400000|  0%| F|  |TAMS 0x0000000703200000, 0x0000000703200000| Untracked 
|   7|0x0000000703400000, 0x0000000703400000, 0x0000000703600000|  0%| F|  |TAMS 0x0000000703400000, 0x0000000703400000| Untracked 
|   8|0x0000000703600000, 0x0000000703600000, 0x0000000703800000|  0%| F|  |TAMS 0x0000000703600000, 0x0000000703600000| Untracked 
|   9|0x0000000703800000, 0x0000000703800000, 0x0000000703a00000|  0%| F|  |TAMS 0x0000000703800000, 0x0000000703800000| Untracked 
|  10|0x0000000703a00000, 0x0000000703a00000, 0x0000000703c00000|  0%| F|  |TAMS 0x0000000703a00000, 0x0000000703a00000| Untracked 
|  11|0x0000000703c00000, 0x0000000703c00000, 0x0000000703e00000|  0%| F|  |TAMS 0x0000000703c00000, 0x0000000703c00000| Untracked 
|  12|0x0000000703e00000, 0x0000000703e00000, 0x0000000704000000|  0%| F|  |TAMS 0x0000000703e00000, 0x0000000703e00000| Untracked 
|  13|0x0000000704000000, 0x0000000704000000, 0x0000000704200000|  0%| F|  |TAMS 0x0000000704000000, 0x0000000704000000| Untracked 
|  14|0x0000000704200000, 0x0000000704200000, 0x0000000704400000|  0%| F|  |TAMS 0x0000000704200000, 0x0000000704200000| Untracked 
|  15|0x0000000704400000, 0x0000000704400000, 0x0000000704600000|  0%| F|  |TAMS 0x0000000704400000, 0x0000000704400000| Untracked 
|  16|0x0000000704600000, 0x0000000704600000, 0x0000000704800000|  0%| F|  |TAMS 0x0000000704600000, 0x0000000704600000| Untracked 
|  17|0x0000000704800000, 0x0000000704800000, 0x0000000704a00000|  0%| F|  |TAMS 0x0000000704800000, 0x0000000704800000| Untracked 
|  18|0x0000000704a00000, 0x0000000704a00000, 0x0000000704c00000|  0%| F|  |TAMS 0x0000000704a00000, 0x0000000704a00000| Untracked 
|  19|0x0000000704c00000, 0x0000000704c00000, 0x0000000704e00000|  0%| F|  |TAMS 0x0000000704c00000, 0x0000000704c00000| Untracked 
|  20|0x0000000704e00000, 0x0000000704e00000, 0x0000000705000000|  0%| F|  |TAMS 0x0000000704e00000, 0x0000000704e00000| Untracked 
|  21|0x0000000705000000, 0x0000000705000000, 0x0000000705200000|  0%| F|  |TAMS 0x0000000705000000, 0x0000000705000000| Untracked 
|  22|0x0000000705200000, 0x0000000705200000, 0x0000000705400000|  0%| F|  |TAMS 0x0000000705200000, 0x0000000705200000| Untracked 
|  23|0x0000000705400000, 0x0000000705400000, 0x0000000705600000|  0%| F|  |TAMS 0x0000000705400000, 0x0000000705400000| Untracked 
|  24|0x0000000705600000, 0x0000000705600000, 0x0000000705800000|  0%| F|  |TAMS 0x0000000705600000, 0x0000000705600000| Untracked 
|  25|0x0000000705800000, 0x0000000705800000, 0x0000000705a00000|  0%| F|  |TAMS 0x0000000705800000, 0x0000000705800000| Untracked 
|  26|0x0000000705a00000, 0x0000000705a00000, 0x0000000705c00000|  0%| F|  |TAMS 0x0000000705a00000, 0x0000000705a00000| Untracked 
|  27|0x0000000705c00000, 0x0000000705c00000, 0x0000000705e00000|  0%| F|  |TAMS 0x0000000705c00000, 0x0000000705c00000| Untracked 
|  28|0x0000000705e00000, 0x0000000705e00000, 0x0000000706000000|  0%| F|  |TAMS 0x0000000705e00000, 0x0000000705e00000| Untracked 
|  29|0x0000000706000000, 0x0000000706000000, 0x0000000706200000|  0%| F|  |TAMS 0x0000000706000000, 0x0000000706000000| Untracked 
|  30|0x0000000706200000, 0x0000000706200000, 0x0000000706400000|  0%| F|  |TAMS 0x0000000706200000, 0x0000000706200000| Untracked 
|  31|0x0000000706400000, 0x0000000706400000, 0x0000000706600000|  0%| F|  |TAMS 0x0000000706400000, 0x0000000706400000| Untracked 
|  32|0x0000000706600000, 0x0000000706600000, 0x0000000706800000|  0%| F|  |TAMS 0x0000000706600000, 0x0000000706600000| Untracked 
|  33|0x0000000706800000, 0x0000000706800000, 0x0000000706a00000|  0%| F|  |TAMS 0x0000000706800000, 0x0000000706800000| Untracked 
|  34|0x0000000706a00000, 0x0000000706a00000, 0x0000000706c00000|  0%| F|  |TAMS 0x0000000706a00000, 0x0000000706a00000| Untracked 
|  35|0x0000000706c00000, 0x0000000706c00000, 0x0000000706e00000|  0%| F|  |TAMS 0x0000000706c00000, 0x0000000706c00000| Untracked 
|  36|0x0000000706e00000, 0x0000000706e00000, 0x0000000707000000|  0%| F|  |TAMS 0x0000000706e00000, 0x0000000706e00000| Untracked 
|  37|0x0000000707000000, 0x0000000707000000, 0x0000000707200000|  0%| F|  |TAMS 0x0000000707000000, 0x0000000707000000| Untracked 
|  38|0x0000000707200000, 0x0000000707200000, 0x0000000707400000|  0%| F|  |TAMS 0x0000000707200000, 0x0000000707200000| Untracked 
|  39|0x0000000707400000, 0x0000000707400000, 0x0000000707600000|  0%| F|  |TAMS 0x0000000707400000, 0x0000000707400000| Untracked 
|  40|0x0000000707600000, 0x0000000707600000, 0x0000000707800000|  0%| F|  |TAMS 0x0000000707600000, 0x0000000707600000| Untracked 
|  41|0x0000000707800000, 0x0000000707800000, 0x0000000707a00000|  0%| F|  |TAMS 0x0000000707800000, 0x0000000707800000| Untracked 
|  42|0x0000000707a00000, 0x0000000707a00000, 0x0000000707c00000|  0%| F|  |TAMS 0x0000000707a00000, 0x0000000707a00000| Untracked 
|  43|0x0000000707c00000, 0x0000000707c00000, 0x0000000707e00000|  0%| F|  |TAMS 0x0000000707c00000, 0x0000000707c00000| Untracked 
|  44|0x0000000707e00000, 0x0000000707e00000, 0x0000000708000000|  0%| F|  |TAMS 0x0000000707e00000, 0x0000000707e00000| Untracked 
|  45|0x0000000708000000, 0x0000000708000000, 0x0000000708200000|  0%| F|  |TAMS 0x0000000708000000, 0x0000000708000000| Untracked 
|  46|0x0000000708200000, 0x0000000708200000, 0x0000000708400000|  0%| F|  |TAMS 0x0000000708200000, 0x0000000708200000| Untracked 
|  47|0x0000000708400000, 0x0000000708400000, 0x0000000708600000|  0%| F|  |TAMS 0x0000000708400000, 0x0000000708400000| Untracked 
|  48|0x0000000708600000, 0x0000000708600000, 0x0000000708800000|  0%| F|  |TAMS 0x0000000708600000, 0x0000000708600000| Untracked 
|  49|0x0000000708800000, 0x0000000708800000, 0x0000000708a00000|  0%| F|  |TAMS 0x0000000708800000, 0x0000000708800000| Untracked 
|  50|0x0000000708a00000, 0x0000000708a00000, 0x0000000708c00000|  0%| F|  |TAMS 0x0000000708a00000, 0x0000000708a00000| Untracked 
|  51|0x0000000708c00000, 0x0000000708c00000, 0x0000000708e00000|  0%| F|  |TAMS 0x0000000708c00000, 0x0000000708c00000| Untracked 
|  52|0x0000000708e00000, 0x0000000708e00000, 0x0000000709000000|  0%| F|  |TAMS 0x0000000708e00000, 0x0000000708e00000| Untracked 
|  53|0x0000000709000000, 0x0000000709000000, 0x0000000709200000|  0%| F|  |TAMS 0x0000000709000000, 0x0000000709000000| Untracked 
|  54|0x0000000709200000, 0x0000000709200000, 0x0000000709400000|  0%| F|  |TAMS 0x0000000709200000, 0x0000000709200000| Untracked 
|  55|0x0000000709400000, 0x0000000709400000, 0x0000000709600000|  0%| F|  |TAMS 0x0000000709400000, 0x0000000709400000| Untracked 
|  56|0x0000000709600000, 0x0000000709600000, 0x0000000709800000|  0%| F|  |TAMS 0x0000000709600000, 0x0000000709600000| Untracked 
|  57|0x0000000709800000, 0x0000000709800000, 0x0000000709a00000|  0%| F|  |TAMS 0x0000000709800000, 0x0000000709800000| Untracked 
|  58|0x0000000709a00000, 0x0000000709a00000, 0x0000000709c00000|  0%| F|  |TAMS 0x0000000709a00000, 0x0000000709a00000| Untracked 
|  59|0x0000000709c00000, 0x0000000709c00000, 0x0000000709e00000|  0%| F|  |TAMS 0x0000000709c00000, 0x0000000709c00000| Untracked 
|  60|0x0000000709e00000, 0x0000000709e00000, 0x000000070a000000|  0%| F|  |TAMS 0x0000000709e00000, 0x0000000709e00000| Untracked 
|  61|0x000000070a000000, 0x000000070a000000, 0x000000070a200000|  0%| F|  |TAMS 0x000000070a000000, 0x000000070a000000| Untracked 
|  62|0x000000070a200000, 0x000000070a200000, 0x000000070a400000|  0%| F|  |TAMS 0x000000070a200000, 0x000000070a200000| Untracked 
|  63|0x000000070a400000, 0x000000070a400000, 0x000000070a600000|  0%| F|  |TAMS 0x000000070a400000, 0x000000070a400000| Untracked 
|  64|0x000000070a600000, 0x000000070a600000, 0x000000070a800000|  0%| F|  |TAMS 0x000000070a600000, 0x000000070a600000| Untracked 
|  65|0x000000070a800000, 0x000000070a800000, 0x000000070aa00000|  0%| F|  |TAMS 0x000000070a800000, 0x000000070a800000| Untracked 
|  66|0x000000070aa00000, 0x000000070aa00000, 0x000000070ac00000|  0%| F|  |TAMS 0x000000070aa00000, 0x000000070aa00000| Untracked 
|  67|0x000000070ac00000, 0x000000070ac00000, 0x000000070ae00000|  0%| F|  |TAMS 0x000000070ac00000, 0x000000070ac00000| Untracked 
|  68|0x000000070ae00000, 0x000000070ae00000, 0x000000070b000000|  0%| F|  |TAMS 0x000000070ae00000, 0x000000070ae00000| Untracked 
|  69|0x000000070b000000, 0x000000070b000000, 0x000000070b200000|  0%| F|  |TAMS 0x000000070b000000, 0x000000070b000000| Untracked 
|  70|0x000000070b200000, 0x000000070b200000, 0x000000070b400000|  0%| F|  |TAMS 0x000000070b200000, 0x000000070b200000| Untracked 
|  71|0x000000070b400000, 0x000000070b400000, 0x000000070b600000|  0%| F|  |TAMS 0x000000070b400000, 0x000000070b400000| Untracked 
|  72|0x000000070b600000, 0x000000070b600000, 0x000000070b800000|  0%| F|  |TAMS 0x000000070b600000, 0x000000070b600000| Untracked 
|  73|0x000000070b800000, 0x000000070b800000, 0x000000070ba00000|  0%| F|  |TAMS 0x000000070b800000, 0x000000070b800000| Untracked 
|  74|0x000000070ba00000, 0x000000070ba00000, 0x000000070bc00000|  0%| F|  |TAMS 0x000000070ba00000, 0x000000070ba00000| Untracked 
|  75|0x000000070bc00000, 0x000000070bc00000, 0x000000070be00000|  0%| F|  |TAMS 0x000000070bc00000, 0x000000070bc00000| Untracked 
|  76|0x000000070be00000, 0x000000070be00000, 0x000000070c000000|  0%| F|  |TAMS 0x000000070be00000, 0x000000070be00000| Untracked 
|  77|0x000000070c000000, 0x000000070c000000, 0x000000070c200000|  0%| F|  |TAMS 0x000000070c000000, 0x000000070c000000| Untracked 
|  78|0x000000070c200000, 0x000000070c200000, 0x000000070c400000|  0%| F|  |TAMS 0x000000070c200000, 0x000000070c200000| Untracked 
|  79|0x000000070c400000, 0x000000070c400000, 0x000000070c600000|  0%| F|  |TAMS 0x000000070c400000, 0x000000070c400000| Untracked 
|  80|0x000000070c600000, 0x000000070c600000, 0x000000070c800000|  0%| F|  |TAMS 0x000000070c600000, 0x000000070c600000| Untracked 
|  81|0x000000070c800000, 0x000000070c800000, 0x000000070ca00000|  0%| F|  |TAMS 0x000000070c800000, 0x000000070c800000| Untracked 
|  82|0x000000070ca00000, 0x000000070ca00000, 0x000000070cc00000|  0%| F|  |TAMS 0x000000070ca00000, 0x000000070ca00000| Untracked 
|  83|0x000000070cc00000, 0x000000070cc00000, 0x000000070ce00000|  0%| F|  |TAMS 0x000000070cc00000, 0x000000070cc00000| Untracked 
|  84|0x000000070ce00000, 0x000000070ce00000, 0x000000070d000000|  0%| F|  |TAMS 0x000000070ce00000, 0x000000070ce00000| Untracked 
|  85|0x000000070d000000, 0x000000070d000000, 0x000000070d200000|  0%| F|  |TAMS 0x000000070d000000, 0x000000070d000000| Untracked 
|  86|0x000000070d200000, 0x000000070d200000, 0x000000070d400000|  0%| F|  |TAMS 0x000000070d200000, 0x000000070d200000| Untracked 
|  87|0x000000070d400000, 0x000000070d400000, 0x000000070d600000|  0%| F|  |TAMS 0x000000070d400000, 0x000000070d400000| Untracked 
|  88|0x000000070d600000, 0x000000070d600000, 0x000000070d800000|  0%| F|  |TAMS 0x000000070d600000, 0x000000070d600000| Untracked 
|  89|0x000000070d800000, 0x000000070d800000, 0x000000070da00000|  0%| F|  |TAMS 0x000000070d800000, 0x000000070d800000| Untracked 
|  90|0x000000070da00000, 0x000000070da00000, 0x000000070dc00000|  0%| F|  |TAMS 0x000000070da00000, 0x000000070da00000| Untracked 
|  91|0x000000070dc00000, 0x000000070dc00000, 0x000000070de00000|  0%| F|  |TAMS 0x000000070dc00000, 0x000000070dc00000| Untracked 
|  92|0x000000070de00000, 0x000000070de00000, 0x000000070e000000|  0%| F|  |TAMS 0x000000070de00000, 0x000000070de00000| Untracked 
|  93|0x000000070e000000, 0x000000070e000000, 0x000000070e200000|  0%| F|  |TAMS 0x000000070e000000, 0x000000070e000000| Untracked 
|  94|0x000000070e200000, 0x000000070e200000, 0x000000070e400000|  0%| F|  |TAMS 0x000000070e200000, 0x000000070e200000| Untracked 
|  95|0x000000070e400000, 0x000000070e400000, 0x000000070e600000|  0%| F|  |TAMS 0x000000070e400000, 0x000000070e400000| Untracked 
|  96|0x000000070e600000, 0x000000070e600000, 0x000000070e800000|  0%| F|  |TAMS 0x000000070e600000, 0x000000070e600000| Untracked 
|  97|0x000000070e800000, 0x000000070e800000, 0x000000070ea00000|  0%| F|  |TAMS 0x000000070e800000, 0x000000070e800000| Untracked 
|  98|0x000000070ea00000, 0x000000070ea00000, 0x000000070ec00000|  0%| F|  |TAMS 0x000000070ea00000, 0x000000070ea00000| Untracked 
|  99|0x000000070ec00000, 0x000000070ec00000, 0x000000070ee00000|  0%| F|  |TAMS 0x000000070ec00000, 0x000000070ec00000| Untracked 
| 100|0x000000070ee00000, 0x000000070ee00000, 0x000000070f000000|  0%| F|  |TAMS 0x000000070ee00000, 0x000000070ee00000| Untracked 
| 101|0x000000070f000000, 0x000000070f000000, 0x000000070f200000|  0%| F|  |TAMS 0x000000070f000000, 0x000000070f000000| Untracked 
| 102|0x000000070f200000, 0x000000070f200000, 0x000000070f400000|  0%| F|  |TAMS 0x000000070f200000, 0x000000070f200000| Untracked 
| 103|0x000000070f400000, 0x000000070f400000, 0x000000070f600000|  0%| F|  |TAMS 0x000000070f400000, 0x000000070f400000| Untracked 
| 104|0x000000070f600000, 0x000000070f600000, 0x000000070f800000|  0%| F|  |TAMS 0x000000070f600000, 0x000000070f600000| Untracked 
| 105|0x000000070f800000, 0x000000070f800000, 0x000000070fa00000|  0%| F|  |TAMS 0x000000070f800000, 0x000000070f800000| Untracked 
| 106|0x000000070fa00000, 0x000000070fa00000, 0x000000070fc00000|  0%| F|  |TAMS 0x000000070fa00000, 0x000000070fa00000| Untracked 
| 107|0x000000070fc00000, 0x000000070fc00000, 0x000000070fe00000|  0%| F|  |TAMS 0x000000070fc00000, 0x000000070fc00000| Untracked 
| 108|0x000000070fe00000, 0x000000070fe00000, 0x0000000710000000|  0%| F|  |TAMS 0x000000070fe00000, 0x000000070fe00000| Untracked 
| 109|0x0000000710000000, 0x0000000710000000, 0x0000000710200000|  0%| F|  |TAMS 0x0000000710000000, 0x0000000710000000| Untracked 
| 110|0x0000000710200000, 0x0000000710200000, 0x0000000710400000|  0%| F|  |TAMS 0x0000000710200000, 0x0000000710200000| Untracked 
| 111|0x0000000710400000, 0x0000000710400000, 0x0000000710600000|  0%| F|  |TAMS 0x0000000710400000, 0x0000000710400000| Untracked 
| 112|0x0000000710600000, 0x0000000710600000, 0x0000000710800000|  0%| F|  |TAMS 0x0000000710600000, 0x0000000710600000| Untracked 
| 113|0x0000000710800000, 0x0000000710800000, 0x0000000710a00000|  0%| F|  |TAMS 0x0000000710800000, 0x0000000710800000| Untracked 
| 114|0x0000000710a00000, 0x0000000710bc6350, 0x0000000710c00000| 88%| S|CS|TAMS 0x0000000710a00000, 0x0000000710a00000| Complete 
| 115|0x0000000710c00000, 0x0000000710e00000, 0x0000000710e00000|100%| S|CS|TAMS 0x0000000710c00000, 0x0000000710c00000| Complete 
| 116|0x0000000710e00000, 0x0000000710e00000, 0x0000000711000000|  0%| F|  |TAMS 0x0000000710e00000, 0x0000000710e00000| Untracked 
| 117|0x0000000711000000, 0x0000000711000000, 0x0000000711200000|  0%| F|  |TAMS 0x0000000711000000, 0x0000000711000000| Untracked 
| 118|0x0000000711200000, 0x0000000711322fe0, 0x0000000711400000| 56%| E|  |TAMS 0x0000000711200000, 0x0000000711200000| Complete 
| 119|0x0000000711400000, 0x0000000711600000, 0x0000000711600000|100%| E|CS|TAMS 0x0000000711400000, 0x0000000711400000| Complete 
| 120|0x0000000711600000, 0x0000000711800000, 0x0000000711800000|100%| E|CS|TAMS 0x0000000711600000, 0x0000000711600000| Complete 
| 121|0x0000000711800000, 0x0000000711a00000, 0x0000000711a00000|100%| E|CS|TAMS 0x0000000711800000, 0x0000000711800000| Complete 
| 122|0x0000000711a00000, 0x0000000711c00000, 0x0000000711c00000|100%| E|CS|TAMS 0x0000000711a00000, 0x0000000711a00000| Complete 
| 123|0x0000000711c00000, 0x0000000711e00000, 0x0000000711e00000|100%| E|CS|TAMS 0x0000000711c00000, 0x0000000711c00000| Complete 
| 124|0x0000000711e00000, 0x0000000712000000, 0x0000000712000000|100%| E|CS|TAMS 0x0000000711e00000, 0x0000000711e00000| Complete 
| 125|0x0000000712000000, 0x0000000712200000, 0x0000000712200000|100%| E|CS|TAMS 0x0000000712000000, 0x0000000712000000| Complete 
| 126|0x0000000712200000, 0x0000000712400000, 0x0000000712400000|100%| E|CS|TAMS 0x0000000712200000, 0x0000000712200000| Complete 

Card table byte_map: [0x00000191afb50000,0x00000191b0340000] _byte_map_base: 0x00000191ac33d000

Marking Bits (Prev, Next): (CMBitMap*) 0x000001919c798700, (CMBitMap*) 0x000001919c798740
 Prev Bits: [0x00000191b0b30000, 0x00000191b4a98000)
 Next Bits: [0x00000191b4aa0000, 0x00000191b8a08000)

Polling page: 0x000001919a6d0000

Metaspace:

Usage:
  Non-class:     17.28 MB used.
      Class:      1.77 MB used.
       Both:     19.05 MB used.

Virtual space:
  Non-class space:       64.00 MB reserved,      17.44 MB ( 27%) committed,  1 nodes.
      Class space:        1.00 GB reserved,       1.88 MB ( <1%) committed,  1 nodes.
             Both:        1.06 GB reserved,      19.31 MB (  2%) committed. 

Chunk freelists:
   Non-Class:  2.36 MB
       Class:  2.10 MB
        Both:  4.46 MB

MaxMetaspaceSize: unlimited
CompressedClassSpaceSize: 1.00 GB
Initial GC threshold: 21.00 MB
Current GC threshold: 21.00 MB
CDS: off
MetaspaceReclaimPolicy: balanced
 - commit_granule_bytes: 65536.
 - commit_granule_words: 8192.
 - virtual_space_node_default_size: 8388608.
 - enlarge_chunks_in_place: 1.
 - new_chunks_are_fully_committed: 0.
 - uncommit_free_chunks: 1.
 - use_allocation_guard: 0.


Internal statistics:

num_allocs_failed_limit: 0.
num_arena_births: 154.
num_arena_deaths: 0.
num_vsnodes_births: 2.
num_vsnodes_deaths: 0.
num_space_committed: 309.
num_space_uncommitted: 0.
num_chunks_returned_to_freelist: 0.
num_chunks_taken_from_freelist: 264.
num_chunk_merges: 0.
num_chunk_splits: 141.
num_chunks_enlarged: 77.
num_inconsistent_stats: 0.

CodeHeap 'non-profiled nmethods': size=120000Kb used=828Kb max_used=828Kb free=119171Kb
 bounds [0x00000191a78d0000, 0x00000191a7b40000, 0x00000191aee00000]
CodeHeap 'profiled nmethods': size=120000Kb used=4649Kb max_used=4649Kb free=115350Kb
 bounds [0x00000191a03a0000, 0x00000191a0830000, 0x00000191a78d0000]
CodeHeap 'non-nmethods': size=5760Kb used=1382Kb max_used=1417Kb free=4377Kb
 bounds [0x000001919fe00000, 0x00000191a0070000, 0x00000191a03a0000]
 total_blobs=3047 nmethods=2417 adapters=542
 compilation: enabled
              stopped_count=0, restarted_count=0
 full_count=0

Compilation events (20 events):
Event: 71.444 Thread 0x00000191bf828480 2410  s    3       sun.awt.im.InputContext::getInputMethod (34 bytes)
Event: 71.444 Thread 0x00000191bf828480 nmethod 2410 0x00000191a0822710 code [0x00000191a08228e0, 0x00000191a0822c88]
Event: 71.444 Thread 0x00000191bf828480 2411       3       sun.awt.windows.WToolkit::showOrHideTouchKeyboard (199 bytes)
Event: 71.445 Thread 0x00000191bf828480 nmethod 2411 0x00000191a0822d90 code [0x00000191a08231a0, 0x00000191a08256d8]
Event: 71.509 Thread 0x00000191bf828480 2412       3       java.awt.LightweightDispatcher::processMouseEvent (265 bytes)
Event: 71.511 Thread 0x00000191bf828480 nmethod 2412 0x00000191a0826090 code [0x00000191a08263a0, 0x00000191a0827a78]
Event: 71.512 Thread 0x00000191bf828480 2413       3       java.util.WeakHashMap::maskNull (12 bytes)
Event: 71.512 Thread 0x00000191bf828480 nmethod 2413 0x00000191a0828010 code [0x00000191a08281a0, 0x00000191a08282d8]
Event: 71.826 Thread 0x00000191bf828480 2414       3       java.util.HashMap::isEmpty (13 bytes)
Event: 71.826 Thread 0x00000191bf828480 nmethod 2414 0x00000191a0828390 code [0x00000191a0828520, 0x00000191a0828698]
Event: 113.340 Thread 0x00000191bf824c80 2415       4       java.lang.StringBuilder::append (8 bytes)
Event: 113.356 Thread 0x00000191bf824c80 

Event: 113.356 Thread 0x00000191bf824c80 2416       4       org.eclipse.jdt.launching.internal.org.objectweb.asm.ClassReader::readUtf (44 bytes)
Event: 113.359 Thread 0x00000191bf824c80 nmethod 2416 0x00000191a799eb10 code [0x00000191a799eca0, 0x00000191a799efe8]
Event: 246.928 Thread 0x00000191bf828480 2417       3       org.eclipse.jdt.launching.internal.org.objectweb.asm.ClassReader::readMethod (1066 bytes)
Event: 246.945 Thread 0x00000191bf828480 

Event: 246.945 Thread 0x00000191bf828480 2418       3       org.eclipse.jdt.launching.internal.org.objectweb.asm.ClassVisitor::visitMethod (24 bytes)
Event: 246.945 Thread 0x00000191bf828480 nmethod 2418 0x00000191a0828710 code [0x00000191a08288c0, 0x00000191a0828b48]
Event: 246.945 Thread 0x00000191bf828480 2419       3       org.eclipse.jdt.launching.internal.org.objectweb.asm.MethodWriter::computeMethodInfoSize (571 bytes)
Event: 246.946 Thread 0x00000191bf828480 nmethod 2419 0x00000191a0828c90 code [0x00000191a0828fc0, 0x00000191a0829e98]

GC Heap History (2 events):
Event: 2.627 GC heap before
{Heap before GC invocations=0 (full 0):
 garbage-first heap   total 260096K, used 22528K [0x0000000702600000, 0x0000000800000000)
  region size 2048K, 11 young (22528K), 0 survivors (0K)
 Metaspace       used 18132K, committed 18304K, reserved 1114112K
  class space    used 1758K, committed 1856K, reserved 1048576K
}
Event: 2.635 GC heap after
{Heap after GC invocations=1 (full 0):
 garbage-first heap   total 260096K, used 3864K [0x0000000702600000, 0x0000000800000000)
  region size 2048K, 2 young (4096K), 2 survivors (4096K)
 Metaspace       used 18132K, committed 18304K, reserved 1114112K
  class space    used 1758K, committed 1856K, reserved 1048576K
}

Deoptimization events (20 events):
Event: 4.340 Thread 0x00000191c06f4010 DEOPT PACKING pc=0x00000191a78d9c38 sp=0x000000297a8fdc60
Event: 4.340 Thread 0x00000191c06f4010 DEOPT UNPACKING pc=0x000001919fe523a3 sp=0x000000297a8fdc08 mode 2
Event: 7.383 Thread 0x00000191c7d8b470 DEOPT PACKING pc=0x00000191a06bf947 sp=0x000000297aeff610
Event: 7.383 Thread 0x00000191c7d8b470 DEOPT UNPACKING pc=0x000001919fe52b43 sp=0x000000297aefeaa0 mode 0
Event: 7.759 Thread 0x00000191c06f4010 DEOPT PACKING pc=0x00000191a06c3978 sp=0x000000297a8fd400
Event: 7.759 Thread 0x00000191c06f4010 DEOPT UNPACKING pc=0x000001919fe52b43 sp=0x000000297a8fc968 mode 0
Event: 8.683 Thread 0x00000191c7d8b470 DEOPT PACKING pc=0x00000191a070ecca sp=0x000000297aeff4e0
Event: 8.683 Thread 0x00000191c7d8b470 DEOPT UNPACKING pc=0x000001919fe52b43 sp=0x000000297aefea58 mode 3
Event: 71.825 Thread 0x00000191c0209660 Uncommon trap: trap_request=0xffffff45 fr.pc=0x00000191a799e788 relative=0x00000000000004e8
Event: 71.825 Thread 0x00000191c0209660 Uncommon trap: reason=unstable_if action=reinterpret pc=0x00000191a799e788 method=java.util.IdentityHashMap.isEmpty()Z @ 4 c2
Event: 71.825 Thread 0x00000191c0209660 DEOPT PACKING pc=0x00000191a799e788 sp=0x000000297a5fe8b0
Event: 71.825 Thread 0x00000191c0209660 DEOPT UNPACKING pc=0x000001919fe523a3 sp=0x000000297a5fe7a0 mode 2
Event: 71.825 Thread 0x00000191c0209660 Uncommon trap: trap_request=0xffffff45 fr.pc=0x00000191a7999fb4 relative=0x0000000000000094
Event: 71.825 Thread 0x00000191c0209660 Uncommon trap: reason=unstable_if action=reinterpret pc=0x00000191a7999fb4 method=java.util.IdentityHashMap.isEmpty()Z @ 4 c2
Event: 71.825 Thread 0x00000191c0209660 DEOPT PACKING pc=0x00000191a7999fb4 sp=0x000000297a5fe880
Event: 71.825 Thread 0x00000191c0209660 DEOPT UNPACKING pc=0x000001919fe523a3 sp=0x000000297a5fe7c0 mode 2
Event: 71.825 Thread 0x00000191c0209660 Uncommon trap: trap_request=0xffffff45 fr.pc=0x00000191a799a2dc relative=0x000000000000005c
Event: 71.825 Thread 0x00000191c0209660 Uncommon trap: reason=unstable_if action=reinterpret pc=0x00000191a799a2dc method=java.util.IdentityHashMap.isEmpty()Z @ 4 c2
Event: 71.825 Thread 0x00000191c0209660 DEOPT PACKING pc=0x00000191a799a2dc sp=0x000000297a5fe7f0
Event: 71.825 Thread 0x00000191c0209660 DEOPT UNPACKING pc=0x000001919fe523a3 sp=0x000000297a5fe790 mode 2

Classes loaded (20 events):
Event: 2.693 Loading class java/awt/Dialog$1
Event: 2.693 Loading class java/awt/Dialog$1 done
Event: 2.693 Loading class sun/awt/windows/WFileDialogPeer
Event: 2.694 Loading class java/awt/peer/FileDialogPeer
Event: 2.694 Loading class java/awt/peer/FileDialogPeer done
Event: 2.694 Loading class sun/awt/windows/WFileDialogPeer done
Event: 2.694 Loading class sun/awt/windows/WPrintDialogPeer
Event: 2.694 Loading class sun/awt/windows/WPrintDialogPeer done
Event: 3.132 Loading class java/awt/image/BufferedImageOp
Event: 3.132 Loading class java/awt/image/BufferedImageOp done
Event: 4.350 Loading class java/util/Hashtable$Enumerator
Event: 4.350 Loading class java/util/Hashtable$Enumerator done
Event: 5.673 Loading class jdk/internal/math/FDBigInteger
Event: 5.674 Loading class jdk/internal/math/FDBigInteger done
Event: 8.683 Loading class java/lang/NoSuchFieldError
Event: 8.683 Loading class java/lang/NoSuchFieldError done
Event: 73.146 Loading class sun/awt/AppContext$PostShutdownEventRunnable
Event: 73.146 Loading class sun/awt/AppContext$PostShutdownEventRunnable done
Event: 73.147 Loading class sun/awt/AWTAutoShutdown$1
Event: 73.147 Loading class sun/awt/AWTAutoShutdown$1 done

Classes unloaded (0 events):
No events

Classes redefined (8 events):
Event: 113.346 Thread 0x000001919c7b5a70 redefined class name=SkeletonSprite, count=1
Event: 113.346 Thread 0x000001919c7b5a70 redefined class name=SkeletonSprite$Direction, count=1
Event: 246.935 Thread 0x000001919c7b5a70 redefined class name=SkeletonSprite, count=2
Event: 246.935 Thread 0x000001919c7b5a70 redefined class name=SkeletonSprite$Direction, count=2
Event: 282.321 Thread 0x000001919c7b5a70 redefined class name=SkeletonSprite, count=3
Event: 282.321 Thread 0x000001919c7b5a70 redefined class name=SkeletonSprite$Direction, count=3
Event: 464.195 Thread 0x000001919c7b5a70 redefined class name=SkeletonSprite, count=4
Event: 464.195 Thread 0x000001919c7b5a70 redefined class name=SkeletonSprite$Direction, count=4

Internal exceptions (20 events):
Event: 0.411 Thread 0x000001919c72d0b0 Exception <a 'java/lang/ClassNotFoundException'{0x0000000711d7e7b8}: sun/awt/resources/spi/awtProvider> (0x0000000711d7e7b8) 
thrown [s\src\hotspot\share\classfile\systemDictionary.cpp, line 255]
Event: 0.426 Thread 0x000001919c72d0b0 Exception <a 'java/io/FileNotFoundException'{0x0000000711dd0390}> (0x0000000711dd0390) 
thrown [s\src\hotspot\share\prims\jni.cpp, line 516]
Event: 0.431 Thread 0x000001919c72d0b0 Exception <a 'java/io/FileNotFoundException'{0x0000000711dff438}> (0x0000000711dff438) 
thrown [s\src\hotspot\share\prims\jni.cpp, line 516]
Event: 0.478 Thread 0x000001919c72d0b0 Exception <a 'java/lang/NoSuchMethodError'{0x0000000711b35268}: 'java.lang.Object java.lang.invoke.DirectMethodHandle$Holder.invokeStaticInit(java.lang.Object)'> (0x0000000711b35268) 
thrown [s\src\hotspot\share\interpreter\linkResolver.cpp, line 766]
Event: 0.653 Thread 0x000001919c72d0b0 Exception <a 'java/lang/NoSuchMethodError'{0x00000007118662d8}: 'void java.lang.invoke.DirectMethodHandle$Holder.invokeSpecial(java.lang.Object, java.lang.Object, java.lang.Object)'> (0x00000007118662d8) 
thrown [s\src\hotspot\share\interpreter\linkResolver.cpp, line 766]
Event: 0.661 Thread 0x000001919c72d0b0 Exception <a 'java/lang/NoSuchMethodError'{0x00000007118b8df8}: 'java.lang.Object java.lang.invoke.DirectMethodHandle$Holder.newInvokeSpecial(java.lang.Object, java.lang.Object, java.lang.Object, java.lang.Object, java.lang.Object)'> (0x00000007118b8df8) 
thrown [s\src\hotspot\share\interpreter\linkResolver.cpp, line 766]
Event: 0.666 Thread 0x000001919c72d0b0 Exception <a 'java/lang/NoSuchMethodError'{0x00000007118ead20}: 'java.lang.Object java.lang.invoke.DirectMethodHandle$Holder.invokeStatic(java.lang.Object, int, java.lang.Object)'> (0x00000007118ead20) 
thrown [s\src\hotspot\share\interpreter\linkResolver.cpp, line 766]
Event: 0.689 Thread 0x000001919c72d0b0 Exception <a 'java/lang/ClassNotFoundException'{0x00000007119b61c8}: com/sun/swing/internal/plaf/metal/resources/spi/metalProvider> (0x00000007119b61c8) 
thrown [s\src\hotspot\share\classfile\systemDictionary.cpp, line 255]
Event: 0.689 Thread 0x000001919c72d0b0 Exception <a 'java/lang/ClassNotFoundException'{0x00000007119bccc0}: com/sun/swing/internal/plaf/basic/resources/spi/basicProvider> (0x00000007119bccc0) 
thrown [s\src\hotspot\share\classfile\systemDictionary.cpp, line 255]
Event: 0.697 Thread 0x000001919c72d0b0 Exception <a 'java/lang/NoSuchMethodError'{0x00000007119f9d20}: 'int java.lang.invoke.Invokers$Holder.invokeExact_MT(java.lang.Object, java.lang.Object)'> (0x00000007119f9d20) 
thrown [s\src\hotspot\share\interpreter\linkResolver.cpp, line 766]
Event: 0.697 Thread 0x000001919c72d0b0 Implicit null exception at 0x00000191a7907f13 to 0x00000191a7908260
Event: 0.706 Thread 0x00000191c0209660 Exception <a 'java/lang/NoSuchMethodError'{0x0000000711b6c5f8}: 'void java.lang.invoke.DirectMethodHandle$Holder.invokeVirtual(java.lang.Object, java.lang.Object)'> (0x0000000711b6c5f8) 
thrown [s\src\hotspot\share\interpreter\linkResolver.cpp, line 766]
Event: 0.719 Thread 0x000001919c72d0b0 Exception <a 'java/lang/NoSuchMethodError'{0x00000007116e5678}: 'void java.lang.invoke.DirectMethodHandle$Holder.invokeStaticInit(java.lang.Object)'> (0x00000007116e5678) 
thrown [s\src\hotspot\share\interpreter\linkResolver.cpp, line 766]
Event: 0.868 Thread 0x000001919c72d0b0 Exception <a 'java/lang/NoSuchMethodError'{0x00000007117feff0}: 'int java.lang.invoke.DirectMethodHandle$Holder.invokeStatic(java.lang.Object)'> (0x00000007117feff0) 
thrown [s\src\hotspot\share\interpreter\linkResolver.cpp, line 766]
Event: 0.885 Thread 0x00000191c06f4010 Exception <a 'java/io/FileNotFoundException'{0x0000000711465558}> (0x0000000711465558) 
thrown [s\src\hotspot\share\prims\jni.cpp, line 516]
Event: 0.886 Thread 0x00000191c06f4010 Exception <a 'java/io/FileNotFoundException'{0x0000000711467e18}> (0x0000000711467e18) 
thrown [s\src\hotspot\share\prims\jni.cpp, line 516]
Event: 0.889 Thread 0x00000191c06f4010 Exception <a 'java/io/FileNotFoundException'{0x0000000711279f60}> (0x0000000711279f60) 
thrown [s\src\hotspot\share\prims\jni.cpp, line 516]
Event: 0.890 Thread 0x00000191c06f4010 Exception <a 'java/io/FileNotFoundException'{0x000000071127b900}> (0x000000071127b900) 
thrown [s\src\hotspot\share\prims\jni.cpp, line 516]
Event: 2.639 Thread 0x00000191c7d8b940 Exception <a 'java/lang/NoSuchMethodError'{0x00000007123208a8}: 'java.lang.Object java.lang.invoke.DirectMethodHandle$Holder.newInvokeSpecial(java.lang.Object, java.lang.Object, java.lang.Object, int, int, int, int, int)'> (0x00000007123208a8) 
thrown [s\src\hotspot\share\interpreter\linkResolver.cpp, line 766]
Event: 2.677 Thread 0x000001919c72d0b0 Exception <a 'java/lang/NoSuchMethodError'{0x000000071221ee68}: 'void java.lang.invoke.DirectMethodHandle$Holder.invokeStatic(java.lang.Object, java.lang.Object)'> (0x000000071221ee68) 
thrown [s\src\hotspot\share\interpreter\linkResolver.cpp, line 766]

VM Operations (20 events):
Event: 282.326 Executing VM operation: RedefineClasses done
Event: 282.332 Executing VM operation: ChangeBreakpoints
Event: 282.333 Executing VM operation: ChangeBreakpoints done
Event: 282.544 Executing VM operation: get/set locals
Event: 282.544 Executing VM operation: get/set locals done
Event: 282.545 Executing VM operation: get/set locals
Event: 282.545 Executing VM operation: get/set locals done
Event: 282.545 Executing VM operation: get/set locals
Event: 282.546 Executing VM operation: get/set locals done
Event: 282.546 Executing VM operation: get/set locals
Event: 282.546 Executing VM operation: get/set locals done
Event: 453.010 Executing VM operation: ChangeBreakpoints
Event: 453.010 Executing VM operation: ChangeBreakpoints done
Event: 460.852 Executing VM operation: ChangeBreakpoints
Event: 460.853 Executing VM operation: ChangeBreakpoints done
Event: 464.192 Executing VM operation: RedefineClasses
Event: 464.200 Executing VM operation: RedefineClasses done
Event: 464.206 Executing VM operation: ChangeBreakpoints
Event: 464.207 Executing VM operation: ChangeBreakpoints done
Event: 464.296 Executing VM operation: get/set locals

Events (20 events):
Event: 0.299 Loaded shared library C:\Users\Kenneth\.p2\pool\plugins\org.eclipse.justj.openjdk.hotspot.jre.full.win32.x86_64_18.0.1.v20220515-1614\jre\bin\jimage.dll
Event: 0.362 Thread 0x00000191c011b890 Thread added: 0x00000191c011b890
Event: 0.369 Loaded shared library C:\Users\Kenneth\.p2\pool\plugins\org.eclipse.justj.openjdk.hotspot.jre.full.win32.x86_64_18.0.1.v20220515-1614\jre\bin\verify.dll
Event: 0.416 Loaded shared library C:\Users\Kenneth\.p2\pool\plugins\org.eclipse.justj.openjdk.hotspot.jre.full.win32.x86_64_18.0.1.v20220515-1614\jre\bin\awt.dll
Event: 0.479 Thread 0x00000191c02920f0 Thread added: 0x00000191c02920f0
Event: 0.480 Thread 0x00000191c0292dc0 Thread added: 0x00000191c0292dc0
Event: 0.481 Thread 0x00000191c0209660 Thread added: 0x00000191c0209660
Event: 0.708 Thread 0x00000191c06f4010 Thread added: 0x00000191c06f4010
Event: 0.724 Loaded shared library C:\Users\Kenneth\.p2\pool\plugins\org.eclipse.justj.openjdk.hotspot.jre.full.win32.x86_64_18.0.1.v20220515-1614\jre\bin\freetype.dll
Event: 0.725 Loaded shared library C:\Users\Kenneth\.p2\pool\plugins\org.eclipse.justj.openjdk.hotspot.jre.full.win32.x86_64_18.0.1.v20220515-1614\jre\bin\fontmanager.dll
Event: 0.797 Thread 0x00000191c7cd0360 Thread added: 0x00000191c7cd0360
Event: 0.841 Thread 0x00000191c7d8b470 Thread added: 0x00000191c7d8b470
Event: 2.627 Thread 0x00000191c7d8b940 Thread added: 0x00000191c7d8b940
Event: 2.648 Thread 0x00000191c7e5e150 Thread added: 0x00000191c7e5e150
Event: 3.356 Thread 0x00000191c7e5e150 Thread exited: 0x00000191c7e5e150
Event: 4.351 Thread 0x000001919c72d0b0 Thread exited: 0x000001919c72d0b0
Event: 4.351 Thread 0x00000191c7d8aad0 Thread added: 0x00000191c7d8aad0
Event: 7.642 Thread 0x00000191c7d8b940 Thread exited: 0x00000191c7d8b940
Event: 73.147 Thread 0x00000191c0292dc0 Thread exited: 0x00000191c0292dc0
Event: 73.147 Thread 0x00000191c06f4010 Thread exited: 0x00000191c06f4010


Dynamic libraries:
0x00007ff6b0750000 - 0x00007ff6b075e000 	C:\Users\Kenneth\.p2\pool\plugins\org.eclipse.justj.openjdk.hotspot.jre.full.win32.x86_64_18.0.1.v20220515-1614\jre\bin\javaw.exe
0x00007ffccd0e0000 - 0x00007ffccd2e9000 	C:\WINDOWS\SYSTEM32\ntdll.dll
0x00007ffccbee0000 - 0x00007ffccbf9e000 	C:\WINDOWS\System32\KERNEL32.DLL
0x00007ffccaa80000 - 0x00007ffccadfb000 	C:\WINDOWS\System32\KERNELBASE.dll
0x00007ffcca8e0000 - 0x00007ffcca9f1000 	C:\WINDOWS\System32\ucrtbase.dll
0x00007ffcb7f40000 - 0x00007ffcb7f57000 	C:\Users\Kenneth\.p2\pool\plugins\org.eclipse.justj.openjdk.hotspot.jre.full.win32.x86_64_18.0.1.v20220515-1614\jre\bin\jli.dll
0x00007ffcb02f0000 - 0x00007ffcb0309000 	C:\Users\Kenneth\.p2\pool\plugins\org.eclipse.justj.openjdk.hotspot.jre.full.win32.x86_64_18.0.1.v20220515-1614\jre\bin\VCRUNTIME140.dll
0x00007ffccb7e0000 - 0x00007ffccb98d000 	C:\WINDOWS\System32\USER32.dll
0x00007ffcca720000 - 0x00007ffcca746000 	C:\WINDOWS\System32\win32u.dll
0x00007ffcae000000 - 0x00007ffcae2a5000 	C:\WINDOWS\WinSxS\amd64_microsoft.windows.common-controls_6595b64144ccf1df_6.0.22000.120_none_9d947278b86cc467\COMCTL32.dll
0x00007ffccb600000 - 0x00007ffccb629000 	C:\WINDOWS\System32\GDI32.dll
0x00007ffccaf70000 - 0x00007ffccb013000 	C:\WINDOWS\System32\msvcrt.dll
0x00007ffcca7c0000 - 0x00007ffcca8d8000 	C:\WINDOWS\System32\gdi32full.dll
0x00007ffccaec0000 - 0x00007ffccaf5d000 	C:\WINDOWS\System32\msvcp_win.dll
0x00007ffccb110000 - 0x00007ffccb142000 	C:\WINDOWS\System32\IMM32.DLL
0x00007ffcc4940000 - 0x00007ffcc494c000 	C:\Users\Kenneth\.p2\pool\plugins\org.eclipse.justj.openjdk.hotspot.jre.full.win32.x86_64_18.0.1.v20220515-1614\jre\bin\vcruntime140_1.dll
0x00007ffc93610000 - 0x00007ffc936a1000 	C:\Users\Kenneth\.p2\pool\plugins\org.eclipse.justj.openjdk.hotspot.jre.full.win32.x86_64_18.0.1.v20220515-1614\jre\bin\msvcp140.dll
0x00007ffc651f0000 - 0x00007ffc65e79000 	C:\Users\Kenneth\.p2\pool\plugins\org.eclipse.justj.openjdk.hotspot.jre.full.win32.x86_64_18.0.1.v20220515-1614\jre\bin\server\jvm.dll
0x00007ffccb210000 - 0x00007ffccb2be000 	C:\WINDOWS\System32\ADVAPI32.dll
0x00007ffccb630000 - 0x00007ffccb6ce000 	C:\WINDOWS\System32\sechost.dll
0x00007ffccce20000 - 0x00007ffcccf40000 	C:\WINDOWS\System32\RPCRT4.dll
0x00007ffccd030000 - 0x00007ffccd038000 	C:\WINDOWS\System32\PSAPI.DLL
0x00007ffcb2090000 - 0x00007ffcb2099000 	C:\WINDOWS\SYSTEM32\WSOCK32.dll
0x00007ffcc31a0000 - 0x00007ffcc31d3000 	C:\WINDOWS\SYSTEM32\WINMM.dll
0x00007ffcccf40000 - 0x00007ffcccfaf000 	C:\WINDOWS\System32\WS2_32.dll
0x00007ffcc3040000 - 0x00007ffcc304a000 	C:\WINDOWS\SYSTEM32\VERSION.dll
0x00007ffcc9720000 - 0x00007ffcc9738000 	C:\WINDOWS\SYSTEM32\kernel.appcore.dll
0x00007ffcc7320000 - 0x00007ffcc732a000 	C:\Users\Kenneth\.p2\pool\plugins\org.eclipse.justj.openjdk.hotspot.jre.full.win32.x86_64_18.0.1.v20220515-1614\jre\bin\jimage.dll
0x00007ffcb4ac0000 - 0x00007ffcb4ce1000 	C:\WINDOWS\SYSTEM32\DBGHELP.DLL
0x00007ffcb20d0000 - 0x00007ffcb2101000 	C:\WINDOWS\SYSTEM32\dbgcore.DLL
0x00007ffccaa00000 - 0x00007ffccaa7f000 	C:\WINDOWS\System32\bcryptPrimitives.dll
0x00007ffc9e210000 - 0x00007ffc9e24b000 	C:\Users\Kenneth\.p2\pool\plugins\org.eclipse.justj.openjdk.hotspot.jre.full.win32.x86_64_18.0.1.v20220515-1614\jre\bin\jdwp.dll
0x00007ffcb80f0000 - 0x00007ffcb80fe000 	C:\Users\Kenneth\.p2\pool\plugins\org.eclipse.justj.openjdk.hotspot.jre.full.win32.x86_64_18.0.1.v20220515-1614\jre\bin\instrument.dll
0x00007ffcc5960000 - 0x00007ffcc5985000 	C:\Users\Kenneth\.p2\pool\plugins\org.eclipse.justj.openjdk.hotspot.jre.full.win32.x86_64_18.0.1.v20220515-1614\jre\bin\java.dll
0x00007ffcb7fa0000 - 0x00007ffcb7fb8000 	C:\Users\Kenneth\.p2\pool\plugins\org.eclipse.justj.openjdk.hotspot.jre.full.win32.x86_64_18.0.1.v20220515-1614\jre\bin\zip.dll
0x00007ffccc5e0000 - 0x00007ffcccd98000 	C:\WINDOWS\System32\SHELL32.dll
0x00007ffcc86b0000 - 0x00007ffcc8f15000 	C:\WINDOWS\SYSTEM32\windows.storage.dll
0x00007ffccbfa0000 - 0x00007ffccc318000 	C:\WINDOWS\System32\combase.dll
0x00007ffcc8540000 - 0x00007ffcc86a6000 	C:\WINDOWS\SYSTEM32\wintypes.dll
0x00007ffccb020000 - 0x00007ffccb10a000 	C:\WINDOWS\System32\SHCORE.dll
0x00007ffccd040000 - 0x00007ffccd09d000 	C:\WINDOWS\System32\shlwapi.dll
0x00007ffcca4e0000 - 0x00007ffcca501000 	C:\WINDOWS\SYSTEM32\profapi.dll
0x00007ffcb7fe0000 - 0x00007ffcb7fec000 	C:\Users\Kenneth\.p2\pool\plugins\org.eclipse.justj.openjdk.hotspot.jre.full.win32.x86_64_18.0.1.v20220515-1614\jre\bin\dt_socket.dll
0x00007ffcc91d0000 - 0x00007ffcc91fd000 	C:\WINDOWS\SYSTEM32\IPHLPAPI.DLL
0x00007ffcc9bc0000 - 0x00007ffcc9c27000 	C:\WINDOWS\system32\mswsock.dll
0x00007ffcc9200000 - 0x00007ffcc92e8000 	C:\WINDOWS\SYSTEM32\DNSAPI.dll
0x00007ffcccda0000 - 0x00007ffcccda9000 	C:\WINDOWS\System32\NSI.dll
0x00007ffcb9c20000 - 0x00007ffcb9c2a000 	C:\Windows\System32\rasadhlp.dll
0x00007ffcc1d80000 - 0x00007ffcc1e01000 	C:\WINDOWS\System32\fwpuclnt.dll
0x00007ffcb7f80000 - 0x00007ffcb7f93000 	C:\Users\Kenneth\.p2\pool\plugins\org.eclipse.justj.openjdk.hotspot.jre.full.win32.x86_64_18.0.1.v20220515-1614\jre\bin\net.dll
0x00007ffcc2ec0000 - 0x00007ffcc2fd4000 	C:\WINDOWS\SYSTEM32\WINHTTP.dll
0x00007ffcb7f60000 - 0x00007ffcb7f76000 	C:\Users\Kenneth\.p2\pool\plugins\org.eclipse.justj.openjdk.hotspot.jre.full.win32.x86_64_18.0.1.v20220515-1614\jre\bin\nio.dll
0x00007ffcc7260000 - 0x00007ffcc7270000 	C:\Users\Kenneth\.p2\pool\plugins\org.eclipse.justj.openjdk.hotspot.jre.full.win32.x86_64_18.0.1.v20220515-1614\jre\bin\verify.dll
0x00007ffc85cc0000 - 0x00007ffc85e4e000 	C:\Users\Kenneth\.p2\pool\plugins\org.eclipse.justj.openjdk.hotspot.jre.full.win32.x86_64_18.0.1.v20220515-1614\jre\bin\awt.dll
0x00007ffccb990000 - 0x00007ffccba66000 	C:\WINDOWS\System32\OLEAUT32.dll
0x00007ffcc7a70000 - 0x00007ffcc7b02000 	C:\WINDOWS\SYSTEM32\apphelp.dll
0x00007ffcc8020000 - 0x00007ffcc804f000 	C:\WINDOWS\system32\DWMAPI.DLL
0x00007ffcc7ce0000 - 0x00007ffcc7d8c000 	C:\WINDOWS\system32\uxtheme.dll
0x00007ffca11e0000 - 0x00007ffca12e1000 	C:\WINDOWS\system32\opengl32.dll
0x00007ffca1160000 - 0x00007ffca118d000 	C:\WINDOWS\SYSTEM32\GLU32.dll
0x00007ffcc7dc0000 - 0x00007ffcc7df8000 	C:\WINDOWS\SYSTEM32\dxcore.dll
0x00007ffc8a450000 - 0x00007ffc8a588000 	C:\ProgramData\A-Volute\A-Volute.Nahimic\Modules\Scheduled\x64\AudioDevProps2.dll
0x00007ffccc320000 - 0x00007ffccc4ba000 	C:\WINDOWS\System32\ole32.dll
0x00007ffccb320000 - 0x00007ffccb43d000 	C:\WINDOWS\System32\MSCTF.dll
0x00007ffcbb200000 - 0x00007ffcbb3a6000 	C:\WINDOWS\system32\d3d9.dll
0x00007ffc9c4e0000 - 0x00007ffc9c5e5000 	C:\WINDOWS\System32\DriverStore\FileRepository\nvmii.inf_amd64_147b4c93bf125c38\nvldumdx.dll
0x00007ffcc9e60000 - 0x00007ffcc9e72000 	C:\WINDOWS\SYSTEM32\msasn1.dll
0x00007ffcc1260000 - 0x00007ffcc1291000 	C:\WINDOWS\SYSTEM32\cryptnet.dll
0x00007ffcca5b0000 - 0x00007ffcca712000 	C:\WINDOWS\System32\CRYPT32.dll
0x00007ffcc9e00000 - 0x00007ffcc9e0c000 	C:\WINDOWS\SYSTEM32\cryptbase.dll
0x00007ffcca750000 - 0x00007ffcca7b8000 	C:\WINDOWS\System32\WINTRUST.DLL
0x00007ffccb7c0000 - 0x00007ffccb7df000 	C:\WINDOWS\System32\imagehlp.dll
0x00007ffcc9e10000 - 0x00007ffcc9e28000 	C:\WINDOWS\SYSTEM32\CRYPTSP.dll
0x00007ffcc9680000 - 0x00007ffcc96b5000 	C:\WINDOWS\system32\rsaenh.dll
0x00007ffcc9f90000 - 0x00007ffcc9fb7000 	C:\WINDOWS\SYSTEM32\bcrypt.dll
0x00007ffc30750000 - 0x00007ffc3239a000 	C:\WINDOWS\System32\DriverStore\FileRepository\nvmii.inf_amd64_147b4c93bf125c38\nvd3dumx.dll
0x00007ffcc5c90000 - 0x00007ffcc5cd4000 	C:\WINDOWS\SYSTEM32\directxdatabasehelper.dll
0x00007ffcc9740000 - 0x00007ffcc9774000 	C:\WINDOWS\SYSTEM32\ntmarta.dll
0x00007ffc9aeb0000 - 0x00007ffc9b139000 	C:\WINDOWS\system32\nvspcap64.dll
0x00007ffcc9c50000 - 0x00007ffcc9c74000 	C:\WINDOWS\SYSTEM32\gpapi.dll
0x00007ffc93580000 - 0x00007ffc93609000 	C:\Users\Kenneth\.p2\pool\plugins\org.eclipse.justj.openjdk.hotspot.jre.full.win32.x86_64_18.0.1.v20220515-1614\jre\bin\freetype.dll
0x00007ffc92fd0000 - 0x00007ffc93078000 	C:\Users\Kenneth\.p2\pool\plugins\org.eclipse.justj.openjdk.hotspot.jre.full.win32.x86_64_18.0.1.v20220515-1614\jre\bin\fontmanager.dll
0x00007ffca94f0000 - 0x00007ffca961d000 	C:\WINDOWS\SYSTEM32\textinputframework.dll
0x00007ffc91b80000 - 0x00007ffc91fbd000 	C:\WINDOWS\SYSTEM32\uiautomationcore.dll
0x00007ffcc9cb0000 - 0x00007ffcc9cd9000 	C:\WINDOWS\SYSTEM32\USERENV.dll
0x00007ffcb50b0000 - 0x00007ffcb5119000 	C:\WINDOWS\SYSTEM32\OLEACC.dll
0x00007ffccb150000 - 0x00007ffccb205000 	C:\WINDOWS\System32\clbcatq.dll
0x00007ffc9ef80000 - 0x00007ffc9ef95000 	C:\Windows\System32\threadpoolwinrt.dll
0x00007ffcc7780000 - 0x00007ffcc78b1000 	C:\WINDOWS\SYSTEM32\CoreMessaging.dll
0x00007ffcc4c50000 - 0x00007ffcc4fbd000 	C:\WINDOWS\SYSTEM32\CoreUIComponents.dll

dbghelp: loaded successfully - version: 4.0.5 - missing functions: none
symbol engine: initialized successfully - sym options: 0x614 - pdb path: .;C:\Users\Kenneth\.p2\pool\plugins\org.eclipse.justj.openjdk.hotspot.jre.full.win32.x86_64_18.0.1.v20220515-1614\jre\bin;C:\WINDOWS\SYSTEM32;C:\WINDOWS\WinSxS\amd64_microsoft.windows.common-controls_6595b64144ccf1df_6.0.22000.120_none_9d947278b86cc467;C:\Users\Kenneth\.p2\pool\plugins\org.eclipse.justj.openjdk.hotspot.jre.full.win32.x86_64_18.0.1.v20220515-1614\jre\bin\server;C:\ProgramData\A-Volute\A-Volute.Nahimic\Modules\Scheduled\x64;C:\WINDOWS\System32\DriverStore\FileRepository\nvmii.inf_amd64_147b4c93bf125c38

VM Arguments:
jvm_args: -XX:+ShowCodeDetailsInExceptionMessages -agentlib:jdwp=transport=dt_socket,suspend=y,address=localhost:52300 -javaagent:C:\Users\Kenneth\eclipse\java-2022-03\eclipse\configuration\org.eclipse.osgi\225\0\.cp\lib\javaagent-shaded.jar -Dfile.encoding=UTF-8 
java_command: CollidingSpriteMain
java_class_path (initial): C:\Users\Kenneth\Downloads\CollidingSprite\CollidingSpriteAnimation\bin;C:\Users\Kenneth\Downloads\AnimationShell-master\AnimationShell-master\bin
Launcher Type: SUN_STANDARD

[Global flags]
     intx CICompilerCount                          = 4                                         {product} {ergonomic}
     uint ConcGCThreads                            = 3                                         {product} {ergonomic}
     uint G1ConcRefinementThreads                  = 10                                        {product} {ergonomic}
   size_t G1HeapRegionSize                         = 2097152                                   {product} {ergonomic}
    uintx GCDrainStackTargetSize                   = 64                                        {product} {ergonomic}
   size_t InitialHeapSize                          = 266338304                                 {product} {ergonomic}
   size_t MarkStackSize                            = 4194304                                   {product} {ergonomic}
   size_t MaxHeapSize                              = 4255121408                                {product} {ergonomic}
   size_t MaxNewSize                               = 2552233984                                {product} {ergonomic}
   size_t MinHeapDeltaBytes                        = 2097152                                   {product} {ergonomic}
   size_t MinHeapSize                              = 8388608                                   {product} {ergonomic}
    uintx NonNMethodCodeHeapSize                   = 5839372                                {pd product} {ergonomic}
    uintx NonProfiledCodeHeapSize                  = 122909434                              {pd product} {ergonomic}
    uintx ProfiledCodeHeapSize                     = 122909434                              {pd product} {ergonomic}
    uintx ReservedCodeCacheSize                    = 251658240                              {pd product} {ergonomic}
     bool SegmentedCodeCache                       = true                                      {product} {ergonomic}
     bool ShowCodeDetailsInExceptionMessages       = true                                   {manageable} {command line}
   size_t SoftMaxHeapSize                          = 4255121408                             {manageable} {ergonomic}
     bool UseCompressedClassPointers               = true                           {product lp64_product} {ergonomic}
     bool UseCompressedOops                        = true                           {product lp64_product} {ergonomic}
     bool UseG1GC                                  = true                                      {product} {ergonomic}
     bool UseLargePagesIndividualAllocation        = false                                  {pd product} {ergonomic}

Logging:
Log output configuration:
 #0: stdout all=warning uptime,level,tags foldmultilines=false
 #1: stderr all=off uptime,level,tags foldmultilines=false

Environment Variables:
PATH=C:\Users\Kenneth\.p2\pool\plugins\org.eclipse.justj.openjdk.hotspot.jre.full.win32.x86_64_18.0.1.v20220515-1614\jre\bin;C:/Users/Kenneth/.p2/pool/plugins/org.eclipse.justj.openjdk.hotspot.jre.full.win32.x86_64_18.0.1.v20220515-1614/jre/bin/server;C:/Users/Kenneth/.p2/pool/plugins/org.eclipse.justj.openjdk.hotspot.jre.full.win32.x86_64_18.0.1.v20220515-1614/jre/bin;C:\Program Files\Common Files\Oracle\Java\javapath;C:\Program Files (x86)\Intel\Intel(R) Management Engine Components\iCLS\;C:\Program Files\Intel\Intel(R) Management Engine Components\iCLS\;C:\Windows\system32;C:\Windows;C:\Windows\System32\Wbem;C:\Windows\System32\WindowsPowerShell\v1.0\;C:\Windows\System32\OpenSSH\;C:\Program Files (x86)\Intel\Intel(R) Management Engine Components\DAL;C:\Program Files\Intel\Intel(R) Management Engine Components\DAL;C:\Program Files (x86)\Intel\Intel(R) Management Engine Components\IPT;C:\Program Files\Intel\Intel(R) Management Engine Components\IPT;C:\Program Files (x86)\NVIDIA Corporation\PhysX\Common;C:\Program Files\NVIDIA Corporation\NVIDIA NGX;C:\Program Files\Intel\WiFi\bin\;C:\Program Files\Common Files\Intel\WirelessCommon\;C:\WINDOWS\system32;C:\WINDOWS;C:\WINDOWS\System32\Wbem;C:\WINDOWS\System32\WindowsPowerShell\v1.0\;C:\WINDOWS\System32\OpenSSH\;C:\Users\Kenneth\AppData\Local\Microsoft\WindowsApps;;C:\Users\Kenneth\Desktop;
USERNAME=Kenneth
OS=Windows_NT
PROCESSOR_IDENTIFIER=Intel64 Family 6 Model 158 Stepping 10, GenuineIntel



---------------  S Y S T E M  ---------------

OS:
 Windows 11 , 64 bit Build 22000 (10.0.22000.1219)
OS uptime: 5 days 5:39 hours

CPU: total 12 (initial active 12) (6 cores per cpu, 2 threads per core) family 6 model 158 stepping 10 microcode 0xde, cx8, cmov, fxsr, ht, mmx, 3dnowpref, sse, sse2, sse3, ssse3, sse4.1, sse4.2, popcnt, lzcnt, tsc, tscinvbit, avx, avx2, aes, erms, clmul, bmi1, bmi2, adx, fma, vzeroupper, clflush, clflushopt

Memory: 4k page, system-wide physical 16227M (8430M free)
TotalPageFile size 18659M (AvailPageFile size 6735M)
current process WorkingSet (physical memory assigned to process): 119M, peak: 135M
current process commit charge ("private bytes"): 392M, peak: 410M

vm_info: OpenJDK 64-Bit Server VM (18.0.1+10) for windows-amd64 JRE (18.0.1+10), built on Apr 20 2022 05:04:48 by "" with MS VC++ 16.7 (VS2019)

END.
